TN:
SF:src/utils/hooks.ts
FN:5,usePreviousValue
FN:15,useLabel
FNF:2
FNH:2
FNDA:1,usePreviousValue
FNDA:3,useLabel
DA:1,1
DA:2,1
DA:3,1
DA:4,1
DA:5,1
DA:6,1
DA:7,1
DA:8,1
DA:9,0
DA:10,1
DA:11,1
DA:12,1
DA:13,1
DA:14,1
DA:15,1
DA:16,3
DA:17,0
DA:18,0
DA:19,0
DA:20,0
DA:21,0
DA:22,0
DA:23,0
DA:24,0
DA:25,0
DA:26,0
DA:27,0
DA:28,0
DA:29,0
DA:30,0
DA:31,0
DA:32,3
DA:33,3
DA:34,3
DA:35,3
LF:35
LH:19
BRDA:5,0,0,1
BRDA:15,1,0,3
BRF:2
BRH:2
end_of_record
TN:
SF:src/utils/intl.tsx
FN:33,getKey
FN:41,replaceRegex
FN:50,initLangCode
FN:62,onlyText
FN:95,IntlContainer
FNF:5
FNH:4
FNDA:3,getKey
FNDA:2,replaceRegex
FNDA:1,initLangCode
FNDA:3,onlyText
FNDA:0,IntlContainer
DA:1,1
DA:2,1
DA:3,1
DA:4,1
DA:5,1
DA:6,1
DA:7,1
DA:8,1
DA:9,1
DA:10,1
DA:11,1
DA:12,1
DA:13,1
DA:14,1
DA:15,1
DA:16,1
DA:17,1
DA:18,1
DA:19,1
DA:20,1
DA:21,1
DA:22,1
DA:23,1
DA:24,1
DA:25,1
DA:26,1
DA:27,1
DA:28,1
DA:29,1
DA:30,1
DA:31,1
DA:32,1
DA:33,1
DA:34,3
DA:35,3
DA:36,3
DA:37,3
DA:38,3
DA:39,3
DA:40,1
DA:41,1
DA:42,1
DA:43,1
DA:44,1
DA:45,1
DA:46,1
DA:47,1
DA:48,1
DA:49,1
DA:50,1
DA:51,1
DA:52,1
DA:53,1
DA:54,1
DA:55,1
DA:56,1
DA:57,1
DA:58,1
DA:59,1
DA:60,1
DA:61,1
DA:62,1
DA:63,3
DA:64,3
DA:65,3
DA:66,2
DA:67,2
DA:68,1
DA:69,1
DA:70,1
DA:71,1
DA:72,1
DA:73,3
DA:74,0
DA:75,0
DA:76,1
DA:77,1
DA:78,1
DA:79,1
DA:80,1
DA:81,0
DA:82,0
DA:83,1
DA:84,1
DA:85,1
DA:86,1
DA:87,1
DA:88,1
DA:89,1
DA:90,1
DA:91,1
DA:92,1
DA:93,1
DA:94,1
DA:95,1
DA:96,0
DA:97,0
DA:98,0
DA:99,0
DA:100,0
DA:101,0
DA:102,0
DA:103,0
DA:104,0
DA:105,0
DA:106,0
DA:107,0
DA:108,0
DA:109,0
DA:110,0
DA:111,0
DA:112,1
DA:113,1
DA:114,1
DA:115,1
LF:115
LH:95
BRDA:33,0,0,3
BRDA:34,1,0,0
BRDA:41,2,0,2
BRDA:50,3,0,1
BRDA:62,4,0,3
BRDA:65,5,0,2
BRDA:68,6,0,1
BRDA:73,7,0,0
BRDA:76,8,0,1
BRDA:77,9,0,1
BRDA:80,10,0,0
BRF:11
BRH:8
end_of_record
TN:
SF:src/utils/utils.ts
FN:5,formatToNumber
FN:17,formatToMoney
FN:21,formatToPhone
FNF:3
FNH:3
FNDA:5,formatToNumber
FNDA:2,formatToMoney
FNDA:1,formatToPhone
DA:1,1
DA:2,1
DA:3,1
DA:4,1
DA:5,1
DA:6,5
DA:7,5
DA:8,5
DA:9,5
DA:10,5
DA:11,5
DA:12,5
DA:13,5
DA:14,5
DA:15,5
DA:16,1
DA:17,1
DA:18,2
DA:19,2
DA:20,1
DA:21,1
DA:22,1
DA:23,1
DA:24,1
DA:25,1
DA:26,1
DA:27,1
LF:27
LH:27
BRDA:5,0,0,5
BRDA:6,1,0,4
BRDA:7,2,0,1
BRDA:8,3,0,4
BRDA:17,4,0,2
BRDA:18,5,0,1
BRDA:19,6,0,1
BRDA:21,7,0,1
BRF:8
BRH:8
end_of_record
